Fri May 21 15:04:51 2021 Start of radio manager at boot2
3
4
rx-demand:pluto_ssbnvl
Fri May 21 15:05:02 2021 Launch RX:  pluto_ssbnvl
starte radio prozesse
1
Start RX  pluto_ssbnvl
Init TX Audio and ocillator pin 26
Init TX parameter reception
Init Tx Radio pluto_ssbnvl
Fri May 21 15:05:05 2021 Start TX pluto_ssbnvl
radio select empty
Fri May 21 15:05:30 2021 Terminate RX pluto_ssbnvl  due to  pluto_nbfmnvl
rx-demand:pluto_nbfmnvl
Fri May 21 15:05:30 2021 Launch RX:  pluto_nbfmnvl
starte radio prozesse
Start RX  pluto_nbfmnvl
Fri May 21 15:05:30 2021 Terminate TX pluto_ssbnvl  due to  pluto_nbfmnvl
Init TX Audio and ocillator pin 26
Init TX parameter reception
Init Tx Radio pluto_nbfmnvl
Fri May 21 15:05:31 2021 Start TX pluto_nbfmnvl
radio select empty
Fri May 21 15:07:31 2021 Terminate RX pluto_nbfmnvl  due to  pluto_ssbnvl
rx-demand:pluto_ssbnvl
Fri May 21 15:07:31 2021 Launch RX:  pluto_ssbnvl
starte radio prozesse
1
Start RX  pluto_ssbnvl
Fri May 21 15:07:32 2021 Terminate TX pluto_nbfmnvl  due to  pluto_ssbnvl
Init TX Audio and ocillator pin 26
Init TX parameter reception
Init Tx Radio pluto_ssbnvl
Fri May 21 15:07:32 2021 Start TX pluto_ssbnvl
radio select empty
Fri May 21 15:09:02 2021 Terminate RX pluto_ssbnvl  due to  pluto_nbfmnvl
rx-demand:pluto_nbfmnvl
Fri May 21 15:09:02 2021 Launch RX:  pluto_nbfmnvl
starte radio prozesse
Start RX  pluto_nbfmnvl
Fri May 21 15:09:03 2021 Terminate TX pluto_ssbnvl  due to  pluto_nbfmnvl
Init TX Audio and ocillator pin 26
Init TX parameter reception
Init Tx Radio pluto_nbfmnvl
Fri May 21 15:09:03 2021 Start TX pluto_nbfmnvl
radio select empty
Fri May 21 15:21:09 2021 Terminate RX pluto_nbfmnvl  due to  pluto_wbfmnvl
rx-demand:pluto_wbfmnvl
Fri May 21 15:21:09 2021 Launch RX:  pluto_wbfmnvl
starte radio prozesse
Start RX  pluto_wbfmnvl
Fri May 21 15:21:10 2021 Terminate TX pluto_nbfmnvl  due to  stop
radio select empty
Fri May 21 15:21:36 2021 Terminate RX pluto_wbfmnvl  due to  pluto_ssbnvl
rx-demand:pluto_ssbnvl
Fri May 21 15:21:36 2021 Launch RX:  pluto_ssbnvl
starte radio prozesse
1
Start RX  pluto_ssbnvl
Init TX Audio and ocillator pin 26
Init TX parameter reception
Init Tx Radio pluto_ssbnvl
Fri May 21 15:21:37 2021 Start TX pluto_ssbnvl
radio select empty
Fri May 21 15:21:42 2021 Terminate RX pluto_ssbnvl  due to  pluto_wbfmnvl
rx-demand:pluto_wbfmnvl
Fri May 21 15:21:42 2021 Launch RX:  pluto_wbfmnvl
starte radio prozesse
Start RX  pluto_wbfmnvl
Fri May 21 15:21:43 2021 Terminate TX pluto_ssbnvl  due to  stop
radio select empty
Fri May 21 15:24:11 2021 Terminate RX pluto_wbfmnvl  due to  stop
rx-demand:pluto_wbfmnvl
Fri May 21 15:24:12 2021 Launch RX:  pluto_wbfmnvl
starte radio prozesse
Start RX  pluto_wbfmnvl
radio select empty
Fri May 21 15:24:43 2021 Terminate RX pluto_wbfmnvl  due to  stop
rx-demand:pluto_wbfmnvl
Fri May 21 15:24:43 2021 Launch RX:  pluto_wbfmnvl
starte radio prozesse
Start RX  pluto_wbfmnvl
radio select empty
Fri May 21 15:31:59 2021 Terminate RX pluto_wbfmnvl  due to  pluto_nbfmnvl
rx-demand:pluto_nbfmnvl
Fri May 21 15:31:59 2021 Launch RX:  pluto_nbfmnvl
starte radio prozesse
Start RX  pluto_nbfmnvl
Init TX Audio and ocillator pin 26
Init TX parameter reception
Init Tx Radio pluto_nbfmnvl
Fri May 21 15:32:00 2021 Start TX pluto_nbfmnvl
radio select empty
Fri May 21 15:32:13 2021 Terminate RX pluto_nbfmnvl  due to  pluto_ssbnvl
rx-demand:pluto_ssbnvl
Fri May 21 15:32:13 2021 Launch RX:  pluto_ssbnvl
starte radio prozesse
1
Start RX  pluto_ssbnvl
Fri May 21 15:32:14 2021 Terminate TX pluto_nbfmnvl  due to  pluto_ssbnvl
Init TX Audio and ocillator pin 26
Init TX parameter reception
Init Tx Radio pluto_ssbnvl
Fri May 21 15:32:14 2021 Start TX pluto_ssbnvl
radio select empty
Fri May 21 15:33:09 2021 Terminate RX pluto_ssbnvl  due to  pluto_nbfmnvl
rx-demand:pluto_nbfmnvl
Fri May 21 15:33:09 2021 Launch RX:  pluto_nbfmnvl
starte radio prozesse
Start RX  pluto_nbfmnvl
Fri May 21 15:33:10 2021 Terminate TX pluto_ssbnvl  due to  pluto_nbfmnvl
Init TX Audio and ocillator pin 26
Init TX parameter reception
Init Tx Radio pluto_nbfmnvl
Fri May 21 15:33:10 2021 Start TX pluto_nbfmnvl
radio select empty
Fri May 21 15:35:33 2021 Terminate RX pluto_nbfmnvl  due to  pluto_wbfmnvl
rx-demand:pluto_wbfmnvl
Fri May 21 15:35:33 2021 Launch RX:  pluto_wbfmnvl
starte radio prozesse
Start RX  pluto_wbfmnvl
Fri May 21 15:35:33 2021 Terminate TX pluto_nbfmnvl  due to  stop
radio select empty
Fri May 21 15:39:31 2021 Terminate RX pluto_wbfmnvl  due to  stop
rx-demand:pluto_wbfmnvl
Fri May 21 15:39:32 2021 Launch RX:  pluto_wbfmnvl
starte radio prozesse
Start RX  pluto_wbfmnvl
radio select empty
Fri May 21 15:40:13 2021 Terminate RX pluto_wbfmnvl  due to  stop
rx-demand:pluto_wbfmnvl
Fri May 21 15:40:14 2021 Launch RX:  pluto_wbfmnvl
starte radio prozesse
Start RX  pluto_wbfmnvl
